<?xml version="1.0" encoding="UTF-8"?>
<!-- Generated by org.testng.reporters.JUnitReportReporter -->
<testsuite hostname="Nabila-Mubeen-Dell" failures="0" tests="4" name="test.DataDrivenTestingUsingJson" time="5.314" errors="0" timestamp="2024-10-09T13:07:23 PKT" skipped="0">
  <testcase classname="test.DataDrivenTestingUsingJson" name="DataDrivenTesting" time="0.787"/>
  <testcase classname="test.DataDrivenTestingUsingJson" name="DataDrivenTesting" time="1.001"/>
  <testcase classname="test.DataDrivenTestingUsingJson" name="DataDrivenTesting" time="0.843"/>
  <testcase classname="test.DataDrivenTestingUsingJson" name="DataDrivenTesting" time="2.683"/>
</testsuite> <!-- test.DataDrivenTestingUsingJson -->
